[2021-05-26 19:39:23.000] [exthost] [info] extension host started
[2021-05-26 19:39:23.166] [exthost] [info] ExtensionService#_doActivateExtension vscode.extension-editing {"startup":false,"extensionId":{"value":"vscode.extension-editing","_lower":"vscode.extension-editing"},"activationEvent":"onLanguage:markdown"}
[2021-05-26 19:39:23.167] [exthost] [info] ExtensionService#loadCommonJSModule file:///home/liumignhao/.vscode-server/bin/054a9295330880ed74ceaedda236253b4f39a335/extensions/extension-editing/dist/extensionEditingMain
[2021-05-26 19:39:23.216] [exthost] [info] ExtensionService#_doActivateExtension vscode.markdown-language-features {"startup":false,"extensionId":{"value":"vscode.markdown-language-features","_lower":"vscode.markdown-language-features"},"activationEvent":"onLanguage:markdown"}
[2021-05-26 19:39:23.216] [exthost] [info] ExtensionService#loadCommonJSModule file:///home/liumignhao/.vscode-server/bin/054a9295330880ed74ceaedda236253b4f39a335/extensions/markdown-language-features/dist/extension
[2021-05-26 19:39:23.339] [exthost] [info] ExtensionService#_doActivateExtension vscode.debug-auto-launch {"startup":true,"extensionId":{"value":"vscode.debug-auto-launch","_lower":"vscode.debug-auto-launch"},"activationEvent":"*"}
[2021-05-26 19:39:23.339] [exthost] [info] ExtensionService#loadCommonJSModule file:///home/liumignhao/.vscode-server/bin/054a9295330880ed74ceaedda236253b4f39a335/extensions/debug-auto-launch/dist/extension
[2021-05-26 19:39:23.373] [exthost] [info] ExtensionService#_doActivateExtension vscode.git {"startup":true,"extensionId":{"value":"vscode.github","_lower":"vscode.github"},"activationEvent":"*"}
[2021-05-26 19:39:23.373] [exthost] [info] ExtensionService#loadCommonJSModule file:///home/liumignhao/.vscode-server/bin/054a9295330880ed74ceaedda236253b4f39a335/extensions/git/dist/main
[2021-05-26 19:39:23.561] [exthost] [info] ExtensionService#_doActivateExtension ritwickdey.LiveServer {"startup":true,"extensionId":{"value":"ritwickdey.LiveServer","_lower":"ritwickdey.liveserver"},"activationEvent":"*"}
[2021-05-26 19:39:23.561] [exthost] [info] ExtensionService#loadCommonJSModule file:///home/liumignhao/.vscode-server/extensions/ritwickdey.liveserver-5.6.1/out/src/extension
[2021-05-26 19:39:25.977] [exthost] [info] ExtensionService#_doActivateExtension vscode.github {"startup":true,"extensionId":{"value":"vscode.github","_lower":"vscode.github"},"activationEvent":"*"}
[2021-05-26 19:39:25.978] [exthost] [info] ExtensionService#loadCommonJSModule file:///home/liumignhao/.vscode-server/bin/054a9295330880ed74ceaedda236253b4f39a335/extensions/github/dist/extension.js
[2021-05-26 19:39:26.583] [exthost] [info] ExtensionService#_doActivateExtension vscode.emmet {"startup":false,"extensionId":{"value":"vscode.emmet","_lower":"vscode.emmet"},"activationEvent":"onStartupFinished"}
[2021-05-26 19:39:26.583] [exthost] [info] ExtensionService#loadCommonJSModule file:///home/liumignhao/.vscode-server/bin/054a9295330880ed74ceaedda236253b4f39a335/extensions/emmet/dist/node/emmetNodeMain
[2021-05-26 19:39:26.632] [exthost] [info] ExtensionService#_doActivateExtension vscode.merge-conflict {"startup":false,"extensionId":{"value":"vscode.merge-conflict","_lower":"vscode.merge-conflict"},"activationEvent":"onStartupFinished"}
[2021-05-26 19:39:26.633] [exthost] [info] ExtensionService#loadCommonJSModule file:///home/liumignhao/.vscode-server/bin/054a9295330880ed74ceaedda236253b4f39a335/extensions/merge-conflict/dist/mergeConflictMain
[2021-05-26 19:39:26.649] [exthost] [info] ExtensionService#_doActivateExtension vscode.testing-editor-contributions {"startup":false,"extensionId":{"value":"vscode.testing-editor-contributions","_lower":"vscode.testing-editor-contributions"},"activationEvent":"onStartupFinished"}
[2021-05-26 19:39:26.649] [exthost] [info] ExtensionService#loadCommonJSModule file:///home/liumignhao/.vscode-server/bin/054a9295330880ed74ceaedda236253b4f39a335/extensions/testing-editor-contributions/dist/extension.js
[2021-05-26 19:39:26.653] [exthost] [info] eager extensions activated
[2021-05-26 19:39:26.726] [exthost] [info] ExtensionService#_doActivateExtension ms-vscode.js-debug {"startup":false,"extensionId":{"value":"ms-vscode.js-debug","_lower":"ms-vscode.js-debug"},"activationEvent":"onCommand:extension.js-debug.clearAutoAttachVariables"}
[2021-05-26 19:39:26.726] [exthost] [info] ExtensionService#loadCommonJSModule file:///home/liumignhao/.vscode-server/bin/054a9295330880ed74ceaedda236253b4f39a335/extensions/ms-vscode.js-debug/src/extension.js
[2021-05-26 19:39:27.342] [exthost] [error] {"message":"Git error","stdout":"","stderr":"fatal: Pathspec '/home/liumignhao/learngit/readme.txt' is in submodule 'learngit'\n","exitCode":128,"gitErrorCode":"IsInSubmodule"}
[2021-05-26 19:39:27.342] [exthost] [error] {"message":"Git error","stdout":"","stderr":"fatal: Pathspec '/home/liumignhao/learngit/readme.txt' is in submodule 'learngit'\n","exitCode":128,"gitErrorCode":"IsInSubmodule"}
[2021-05-26 19:39:27.342] [exthost] [error] {"message":"Git error","stdout":"","stderr":"fatal: Pathspec '/home/liumignhao/learngit/readme.txt' is in submodule 'learngit'\n","exitCode":128,"gitErrorCode":"IsInSubmodule"}
[2021-05-26 19:39:27.342] [exthost] [error] {"message":"Git error","stdout":"","stderr":"fatal: Pathspec '/home/liumignhao/learngit/readme.txt' is in submodule 'learngit'\n","exitCode":128,"gitErrorCode":"IsInSubmodule"}
[2021-05-26 19:39:27.342] [exthost] [error] {"message":"Git error","stdout":"","stderr":"fatal: Pathspec '/home/liumignhao/learngit/readme.txt' is in submodule 'learngit'\n","exitCode":128,"gitErrorCode":"IsInSubmodule"}
[2021-05-26 19:39:27.342] [exthost] [error] {"message":"Git error","stdout":"","stderr":"fatal: Pathspec '/home/liumignhao/learngit/readme.txt' is in submodule 'learngit'\n","exitCode":128,"gitErrorCode":"IsInSubmodule"}
[2021-05-26 19:39:27.342] [exthost] [error] {"message":"Git error","stdout":"","stderr":"fatal: Pathspec '/home/liumignhao/learngit/readme.txt' is in submodule 'learngit'\n","exitCode":128,"gitErrorCode":"IsInSubmodule"}
[2021-05-26 19:39:27.342] [exthost] [error] {"message":"Git error","stdout":"","stderr":"fatal: Pathspec '/home/liumignhao/learngit/readme.txt' is in submodule 'learngit'\n","exitCode":128,"gitErrorCode":"IsInSubmodule"}
[2021-05-26 19:39:27.342] [exthost] [error] {"message":"Git error","stdout":"","stderr":"fatal: Pathspec '/home/liumignhao/learngit/readme.txt' is in submodule 'learngit'\n","exitCode":128,"gitErrorCode":"IsInSubmodule"}
[2021-05-26 19:39:27.342] [exthost] [error] {"message":"Git error","stdout":"","stderr":"fatal: Pathspec '/home/liumignhao/learngit/readme.txt' is in submodule 'learngit'\n","exitCode":128,"gitErrorCode":"IsInSubmodule"}
[2021-05-26 19:39:27.342] [exthost] [error] {"message":"Git error","stdout":"","stderr":"fatal: Pathspec '/home/liumignhao/learngit/readme.txt' is in submodule 'learngit'\n","exitCode":128,"gitErrorCode":"IsInSubmodule"}
[2021-05-26 19:39:27.342] [exthost] [error] {"message":"Git error","stdout":"","stderr":"fatal: Pathspec '/home/liumignhao/learngit/readme.txt' is in submodule 'learngit'\n","exitCode":128,"gitErrorCode":"IsInSubmodule"}
[2021-05-26 19:39:27.343] [exthost] [error] {"message":"Git error","stdout":"","stderr":"fatal: Pathspec '/home/liumignhao/learngit/readme.txt' is in submodule 'learngit'\n","exitCode":128,"gitErrorCode":"IsInSubmodule"}
[2021-05-26 19:39:27.343] [exthost] [error] {"message":"Git error","stdout":"","stderr":"fatal: Pathspec '/home/liumignhao/learngit/readme.txt' is in submodule 'learngit'\n","exitCode":128,"gitErrorCode":"IsInSubmodule"}
[2021-05-26 19:39:27.343] [exthost] [error] {"message":"Git error","stdout":"","stderr":"fatal: Pathspec '/home/liumignhao/learngit/readme.txt' is in submodule 'learngit'\n","exitCode":128,"gitErrorCode":"IsInSubmodule"}
[2021-05-26 19:39:27.343] [exthost] [error] {"message":"Git error","stdout":"","stderr":"fatal: Pathspec '/home/liumignhao/learngit/readme.txt' is in submodule 'learngit'\n","exitCode":128,"gitErrorCode":"IsInSubmodule"}
[2021-05-26 19:39:27.343] [exthost] [error] {"message":"Git error","stdout":"","stderr":"fatal: Pathspec '/home/liumignhao/learngit/readme.txt' is in submodule 'learngit'\n","exitCode":128,"gitErrorCode":"IsInSubmodule"}
[2021-05-26 19:39:27.343] [exthost] [error] {"message":"Git error","stdout":"","stderr":"fatal: Pathspec '/home/liumignhao/learngit/readme.txt' is in submodule 'learngit'\n","exitCode":128,"gitErrorCode":"IsInSubmodule"}
[2021-05-26 19:39:27.343] [exthost] [error] {"message":"Git error","stdout":"","stderr":"fatal: Pathspec '/home/liumignhao/learngit/readme.txt' is in submodule 'learngit'\n","exitCode":128,"gitErrorCode":"IsInSubmodule"}
[2021-05-26 19:39:27.343] [exthost] [error] {"message":"Git error","stdout":"","stderr":"fatal: Pathspec '/home/liumignhao/learngit/readme.txt' is in submodule 'learngit'\n","exitCode":128,"gitErrorCode":"IsInSubmodule"}
[2021-05-26 19:39:27.343] [exthost] [error] {"message":"Git error","stdout":"","stderr":"fatal: Pathspec '/home/liumignhao/learngit/readme.txt' is in submodule 'learngit'\n","exitCode":128,"gitErrorCode":"IsInSubmodule"}
[2021-05-26 19:39:27.343] [exthost] [error] {"message":"Git error","stdout":"","stderr":"fatal: Pathspec '/home/liumignhao/learngit/readme.txt' is in submodule 'learngit'\n","exitCode":128,"gitErrorCode":"IsInSubmodule"}
[2021-05-26 19:39:27.343] [exthost] [error] {"message":"Git error","stdout":"","stderr":"fatal: Pathspec '/home/liumignhao/learngit/readme.txt' is in submodule 'learngit'\n","exitCode":128,"gitErrorCode":"IsInSubmodule"}
[2021-05-26 19:39:27.343] [exthost] [error] {"message":"Git error","stdout":"","stderr":"fatal: Pathspec '/home/liumignhao/learngit/readme.txt' is in submodule 'learngit'\n","exitCode":128,"gitErrorCode":"IsInSubmodule"}
[2021-05-26 19:39:27.343] [exthost] [error] {"message":"Git error","stdout":"","stderr":"fatal: Pathspec '/home/liumignhao/learngit/readme.txt' is in submodule 'learngit'\n","exitCode":128,"gitErrorCode":"IsInSubmodule"}
[2021-05-26 19:39:27.343] [exthost] [error] {"message":"Git error","stdout":"","stderr":"fatal: Pathspec '/home/liumignhao/learngit/readme.txt' is in submodule 'learngit'\n","exitCode":128,"gitErrorCode":"IsInSubmodule"}
[2021-05-26 19:39:27.343] [exthost] [error] {"message":"Git error","stdout":"","stderr":"fatal: Pathspec '/home/liumignhao/learngit/readme.txt' is in submodule 'learngit'\n","exitCode":128,"gitErrorCode":"IsInSubmodule"}
[2021-05-26 19:39:27.343] [exthost] [error] {"message":"Git error","stdout":"","stderr":"fatal: Pathspec '/home/liumignhao/learngit/readme.txt' is in submodule 'learngit'\n","exitCode":128,"gitErrorCode":"IsInSubmodule"}
[2021-05-26 19:39:27.343] [exthost] [error] {"message":"Git error","stdout":"","stderr":"fatal: Pathspec '/home/liumignhao/learngit/readme.txt' is in submodule 'learngit'\n","exitCode":128,"gitErrorCode":"IsInSubmodule"}
[2021-05-26 19:39:27.343] [exthost] [error] {"message":"Git error","stdout":"","stderr":"fatal: Pathspec '/home/liumignhao/learngit/readme.txt' is in submodule 'learngit'\n","exitCode":128,"gitErrorCode":"IsInSubmodule"}
[2021-05-26 19:39:27.343] [exthost] [error] {"message":"Git error","stdout":"","stderr":"fatal: Pathspec '/home/liumignhao/learngit/readme.txt' is in submodule 'learngit'\n","exitCode":128,"gitErrorCode":"IsInSubmodule"}
[2021-05-26 19:39:27.343] [exthost] [error] {"message":"Git error","stdout":"","stderr":"fatal: Pathspec '/home/liumignhao/learngit/readme.txt' is in submodule 'learngit'\n","exitCode":128,"gitErrorCode":"IsInSubmodule"}
[2021-05-26 19:39:27.343] [exthost] [error] {"message":"Git error","stdout":"","stderr":"fatal: Pathspec '/home/liumignhao/learngit/readme.txt' is in submodule 'learngit'\n","exitCode":128,"gitErrorCode":"IsInSubmodule"}
[2021-05-26 19:39:27.343] [exthost] [error] {"message":"Git error","stdout":"","stderr":"fatal: Pathspec '/home/liumignhao/learngit/readme.txt' is in submodule 'learngit'\n","exitCode":128,"gitErrorCode":"IsInSubmodule"}
[2021-05-26 19:39:27.343] [exthost] [error] {"message":"Git error","stdout":"","stderr":"fatal: Pathspec '/home/liumignhao/learngit/readme.txt' is in submodule 'learngit'\n","exitCode":128,"gitErrorCode":"IsInSubmodule"}
[2021-05-26 19:39:27.344] [exthost] [error] {"message":"Git error","stdout":"","stderr":"fatal: Pathspec '/home/liumignhao/learngit/readme.txt' is in submodule 'learngit'\n","exitCode":128,"gitErrorCode":"IsInSubmodule"}
[2021-05-26 19:39:27.344] [exthost] [error] {"message":"Git error","stdout":"","stderr":"fatal: Pathspec '/home/liumignhao/learngit/readme.txt' is in submodule 'learngit'\n","exitCode":128,"gitErrorCode":"IsInSubmodule"}
[2021-05-26 19:39:27.344] [exthost] [error] {"message":"Git error","stdout":"","stderr":"fatal: Pathspec '/home/liumignhao/learngit/readme.txt' is in submodule 'learngit'\n","exitCode":128,"gitErrorCode":"IsInSubmodule"}
[2021-05-26 19:39:27.344] [exthost] [error] {"message":"Git error","stdout":"","stderr":"fatal: Pathspec '/home/liumignhao/learngit/readme.txt' is in submodule 'learngit'\n","exitCode":128,"gitErrorCode":"IsInSubmodule"}
[2021-05-26 19:39:27.344] [exthost] [error] {"message":"Git error","stdout":"","stderr":"fatal: Pathspec '/home/liumignhao/learngit/readme.txt' is in submodule 'learngit'\n","exitCode":128,"gitErrorCode":"IsInSubmodule"}
[2021-05-26 19:39:27.344] [exthost] [error] {"message":"Git error","stdout":"","stderr":"fatal: Pathspec '/home/liumignhao/learngit/readme.txt' is in submodule 'learngit'\n","exitCode":128,"gitErrorCode":"IsInSubmodule"}
[2021-05-26 19:39:27.344] [exthost] [error] {"message":"Git error","stdout":"","stderr":"fatal: Pathspec '/home/liumignhao/learngit/readme.txt' is in submodule 'learngit'\n","exitCode":128,"gitErrorCode":"IsInSubmodule"}
[2021-05-26 19:39:27.344] [exthost] [error] {"message":"Git error","stdout":"","stderr":"fatal: Pathspec '/home/liumignhao/learngit/readme.txt' is in submodule 'learngit'\n","exitCode":128,"gitErrorCode":"IsInSubmodule"}
[2021-05-26 19:39:27.344] [exthost] [error] {"message":"Git error","stdout":"","stderr":"fatal: Pathspec '/home/liumignhao/learngit/readme.txt' is in submodule 'learngit'\n","exitCode":128,"gitErrorCode":"IsInSubmodule"}
[2021-05-26 19:39:27.344] [exthost] [error] {"message":"Git error","stdout":"","stderr":"fatal: Pathspec '/home/liumignhao/learngit/readme.txt' is in submodule 'learngit'\n","exitCode":128,"gitErrorCode":"IsInSubmodule"}
[2021-05-26 19:39:27.344] [exthost] [error] {"message":"Git error","stdout":"","stderr":"fatal: Pathspec '/home/liumignhao/learngit/readme.txt' is in submodule 'learngit'\n","exitCode":128,"gitErrorCode":"IsInSubmodule"}
[2021-05-26 19:39:27.344] [exthost] [error] {"message":"Git error","stdout":"","stderr":"fatal: Pathspec '/home/liumignhao/learngit/readme.txt' is in submodule 'learngit'\n","exitCode":128,"gitErrorCode":"IsInSubmodule"}
[2021-05-26 19:39:27.344] [exthost] [error] {"message":"Git error","stdout":"","stderr":"fatal: Pathspec '/home/liumignhao/learngit/readme.txt' is in submodule 'learngit'\n","exitCode":128,"gitErrorCode":"IsInSubmodule"}
[2021-05-26 19:59:36.239] [exthost] [info] extension host terminating: received terminate message from renderer
[2021-05-26 19:59:37.266] [exthost] [info] exiting with code 0
