[2021-06-01 23:05:03.040] [exthost] [info] extension host started
[2021-06-01 23:05:03.093] [exthost] [info] ExtensionService#_doActivateExtension vscode.extension-editing {"startup":false,"extensionId":{"value":"vscode.extension-editing","_lower":"vscode.extension-editing"},"activationEvent":"onLanguage:markdown"}
[2021-06-01 23:05:03.094] [exthost] [info] ExtensionService#loadCommonJSModule file:///home/liumignhao/.vscode-server/bin/054a9295330880ed74ceaedda236253b4f39a335/extensions/extension-editing/dist/extensionEditingMain
[2021-06-01 23:05:03.123] [exthost] [info] ExtensionService#_doActivateExtension vscode.markdown-language-features {"startup":false,"extensionId":{"value":"vscode.markdown-language-features","_lower":"vscode.markdown-language-features"},"activationEvent":"onLanguage:markdown"}
[2021-06-01 23:05:03.123] [exthost] [info] ExtensionService#loadCommonJSModule file:///home/liumignhao/.vscode-server/bin/054a9295330880ed74ceaedda236253b4f39a335/extensions/markdown-language-features/dist/extension
[2021-06-01 23:05:03.192] [exthost] [info] ExtensionService#_doActivateExtension vscode.debug-auto-launch {"startup":true,"extensionId":{"value":"vscode.debug-auto-launch","_lower":"vscode.debug-auto-launch"},"activationEvent":"*"}
[2021-06-01 23:05:03.192] [exthost] [info] ExtensionService#loadCommonJSModule file:///home/liumignhao/.vscode-server/bin/054a9295330880ed74ceaedda236253b4f39a335/extensions/debug-auto-launch/dist/extension
[2021-06-01 23:05:03.203] [exthost] [info] ExtensionService#_doActivateExtension vscode.git {"startup":true,"extensionId":{"value":"vscode.github","_lower":"vscode.github"},"activationEvent":"*"}
[2021-06-01 23:05:03.203] [exthost] [info] ExtensionService#loadCommonJSModule file:///home/liumignhao/.vscode-server/bin/054a9295330880ed74ceaedda236253b4f39a335/extensions/git/dist/main
[2021-06-01 23:05:03.299] [exthost] [info] ExtensionService#_doActivateExtension ritwickdey.LiveServer {"startup":true,"extensionId":{"value":"ritwickdey.LiveServer","_lower":"ritwickdey.liveserver"},"activationEvent":"*"}
[2021-06-01 23:05:03.299] [exthost] [info] ExtensionService#loadCommonJSModule file:///home/liumignhao/.vscode-server/extensions/ritwickdey.liveserver-5.6.1/out/src/extension
[2021-06-01 23:05:05.346] [exthost] [info] ExtensionService#_doActivateExtension vscode.github {"startup":true,"extensionId":{"value":"vscode.github","_lower":"vscode.github"},"activationEvent":"*"}
[2021-06-01 23:05:05.347] [exthost] [info] ExtensionService#loadCommonJSModule file:///home/liumignhao/.vscode-server/bin/054a9295330880ed74ceaedda236253b4f39a335/extensions/github/dist/extension.js
[2021-06-01 23:05:06.043] [exthost] [info] ExtensionService#_doActivateExtension vscode.emmet {"startup":false,"extensionId":{"value":"vscode.emmet","_lower":"vscode.emmet"},"activationEvent":"onStartupFinished"}
[2021-06-01 23:05:06.044] [exthost] [info] ExtensionService#loadCommonJSModule file:///home/liumignhao/.vscode-server/bin/054a9295330880ed74ceaedda236253b4f39a335/extensions/emmet/dist/node/emmetNodeMain
[2021-06-01 23:05:06.124] [exthost] [info] ExtensionService#_doActivateExtension vscode.merge-conflict {"startup":false,"extensionId":{"value":"vscode.merge-conflict","_lower":"vscode.merge-conflict"},"activationEvent":"onStartupFinished"}
[2021-06-01 23:05:06.124] [exthost] [info] ExtensionService#loadCommonJSModule file:///home/liumignhao/.vscode-server/bin/054a9295330880ed74ceaedda236253b4f39a335/extensions/merge-conflict/dist/mergeConflictMain
[2021-06-01 23:05:06.146] [exthost] [info] ExtensionService#_doActivateExtension vscode.testing-editor-contributions {"startup":false,"extensionId":{"value":"vscode.testing-editor-contributions","_lower":"vscode.testing-editor-contributions"},"activationEvent":"onStartupFinished"}
[2021-06-01 23:05:06.150] [exthost] [info] ExtensionService#loadCommonJSModule file:///home/liumignhao/.vscode-server/bin/054a9295330880ed74ceaedda236253b4f39a335/extensions/testing-editor-contributions/dist/extension.js
[2021-06-01 23:05:06.157] [exthost] [info] eager extensions activated
[2021-06-01 23:05:06.264] [exthost] [info] ExtensionService#_doActivateExtension ms-vscode.js-debug {"startup":false,"extensionId":{"value":"ms-vscode.js-debug","_lower":"ms-vscode.js-debug"},"activationEvent":"onCommand:extension.js-debug.clearAutoAttachVariables"}
[2021-06-01 23:05:06.264] [exthost] [info] ExtensionService#loadCommonJSModule file:///home/liumignhao/.vscode-server/bin/054a9295330880ed74ceaedda236253b4f39a335/extensions/ms-vscode.js-debug/src/extension.js
[2021-06-01 23:05:07.303] [exthost] [error] {"message":"Git error","stdout":"","stderr":"fatal: Pathspec '/home/liumignhao/learngit/readme.txt' is in submodule 'learngit'\n","exitCode":128,"gitErrorCode":"IsInSubmodule"}
[2021-06-01 23:05:07.303] [exthost] [error] {"message":"Git error","stdout":"","stderr":"fatal: Pathspec '/home/liumignhao/learngit/readme.txt' is in submodule 'learngit'\n","exitCode":128,"gitErrorCode":"IsInSubmodule"}
[2021-06-01 23:05:07.303] [exthost] [error] {"message":"Git error","stdout":"","stderr":"fatal: Pathspec '/home/liumignhao/learngit/readme.txt' is in submodule 'learngit'\n","exitCode":128,"gitErrorCode":"IsInSubmodule"}
[2021-06-01 23:05:07.303] [exthost] [error] {"message":"Git error","stdout":"","stderr":"fatal: Pathspec '/home/liumignhao/learngit/readme.txt' is in submodule 'learngit'\n","exitCode":128,"gitErrorCode":"IsInSubmodule"}
[2021-06-01 23:05:07.303] [exthost] [error] {"message":"Git error","stdout":"","stderr":"fatal: Pathspec '/home/liumignhao/learngit/readme.txt' is in submodule 'learngit'\n","exitCode":128,"gitErrorCode":"IsInSubmodule"}
[2021-06-01 23:05:07.303] [exthost] [error] {"message":"Git error","stdout":"","stderr":"fatal: Pathspec '/home/liumignhao/learngit/readme.txt' is in submodule 'learngit'\n","exitCode":128,"gitErrorCode":"IsInSubmodule"}
[2021-06-01 23:05:07.303] [exthost] [error] {"message":"Git error","stdout":"","stderr":"fatal: Pathspec '/home/liumignhao/learngit/readme.txt' is in submodule 'learngit'\n","exitCode":128,"gitErrorCode":"IsInSubmodule"}
[2021-06-01 23:05:07.303] [exthost] [error] {"message":"Git error","stdout":"","stderr":"fatal: Pathspec '/home/liumignhao/learngit/readme.txt' is in submodule 'learngit'\n","exitCode":128,"gitErrorCode":"IsInSubmodule"}
[2021-06-01 23:05:07.303] [exthost] [error] {"message":"Git error","stdout":"","stderr":"fatal: Pathspec '/home/liumignhao/learngit/readme.txt' is in submodule 'learngit'\n","exitCode":128,"gitErrorCode":"IsInSubmodule"}
[2021-06-01 23:05:07.303] [exthost] [error] {"message":"Git error","stdout":"","stderr":"fatal: Pathspec '/home/liumignhao/learngit/readme.txt' is in submodule 'learngit'\n","exitCode":128,"gitErrorCode":"IsInSubmodule"}
[2021-06-01 23:05:07.303] [exthost] [error] {"message":"Git error","stdout":"","stderr":"fatal: Pathspec '/home/liumignhao/learngit/readme.txt' is in submodule 'learngit'\n","exitCode":128,"gitErrorCode":"IsInSubmodule"}
[2021-06-01 23:05:07.304] [exthost] [error] {"message":"Git error","stdout":"","stderr":"fatal: Pathspec '/home/liumignhao/learngit/readme.txt' is in submodule 'learngit'\n","exitCode":128,"gitErrorCode":"IsInSubmodule"}
[2021-06-01 23:05:07.304] [exthost] [error] {"message":"Git error","stdout":"","stderr":"fatal: Pathspec '/home/liumignhao/learngit/readme.txt' is in submodule 'learngit'\n","exitCode":128,"gitErrorCode":"IsInSubmodule"}
[2021-06-01 23:05:07.304] [exthost] [error] {"message":"Git error","stdout":"","stderr":"fatal: Pathspec '/home/liumignhao/learngit/readme.txt' is in submodule 'learngit'\n","exitCode":128,"gitErrorCode":"IsInSubmodule"}
[2021-06-01 23:05:07.304] [exthost] [error] {"message":"Git error","stdout":"","stderr":"fatal: Pathspec '/home/liumignhao/learngit/readme.txt' is in submodule 'learngit'\n","exitCode":128,"gitErrorCode":"IsInSubmodule"}
[2021-06-01 23:05:07.304] [exthost] [error] {"message":"Git error","stdout":"","stderr":"fatal: Pathspec '/home/liumignhao/learngit/readme.txt' is in submodule 'learngit'\n","exitCode":128,"gitErrorCode":"IsInSubmodule"}
[2021-06-01 23:05:07.304] [exthost] [error] {"message":"Git error","stdout":"","stderr":"fatal: Pathspec '/home/liumignhao/learngit/readme.txt' is in submodule 'learngit'\n","exitCode":128,"gitErrorCode":"IsInSubmodule"}
[2021-06-01 23:05:07.304] [exthost] [error] {"message":"Git error","stdout":"","stderr":"fatal: Pathspec '/home/liumignhao/learngit/readme.txt' is in submodule 'learngit'\n","exitCode":128,"gitErrorCode":"IsInSubmodule"}
[2021-06-01 23:05:07.304] [exthost] [error] {"message":"Git error","stdout":"","stderr":"fatal: Pathspec '/home/liumignhao/learngit/readme.txt' is in submodule 'learngit'\n","exitCode":128,"gitErrorCode":"IsInSubmodule"}
[2021-06-01 23:05:07.304] [exthost] [error] {"message":"Git error","stdout":"","stderr":"fatal: Pathspec '/home/liumignhao/learngit/readme.txt' is in submodule 'learngit'\n","exitCode":128,"gitErrorCode":"IsInSubmodule"}
[2021-06-01 23:05:07.304] [exthost] [error] {"message":"Git error","stdout":"","stderr":"fatal: Pathspec '/home/liumignhao/learngit/readme.txt' is in submodule 'learngit'\n","exitCode":128,"gitErrorCode":"IsInSubmodule"}
[2021-06-01 23:05:07.304] [exthost] [error] {"message":"Git error","stdout":"","stderr":"fatal: Pathspec '/home/liumignhao/learngit/readme.txt' is in submodule 'learngit'\n","exitCode":128,"gitErrorCode":"IsInSubmodule"}
[2021-06-01 23:05:07.304] [exthost] [error] {"message":"Git error","stdout":"","stderr":"fatal: Pathspec '/home/liumignhao/learngit/readme.txt' is in submodule 'learngit'\n","exitCode":128,"gitErrorCode":"IsInSubmodule"}
[2021-06-01 23:05:07.304] [exthost] [error] {"message":"Git error","stdout":"","stderr":"fatal: Pathspec '/home/liumignhao/learngit/readme.txt' is in submodule 'learngit'\n","exitCode":128,"gitErrorCode":"IsInSubmodule"}
[2021-06-01 23:05:07.304] [exthost] [error] {"message":"Git error","stdout":"","stderr":"fatal: Pathspec '/home/liumignhao/learngit/readme.txt' is in submodule 'learngit'\n","exitCode":128,"gitErrorCode":"IsInSubmodule"}
[2021-06-01 23:05:07.304] [exthost] [error] {"message":"Git error","stdout":"","stderr":"fatal: Pathspec '/home/liumignhao/learngit/readme.txt' is in submodule 'learngit'\n","exitCode":128,"gitErrorCode":"IsInSubmodule"}
[2021-06-01 23:05:07.304] [exthost] [error] {"message":"Git error","stdout":"","stderr":"fatal: Pathspec '/home/liumignhao/learngit/readme.txt' is in submodule 'learngit'\n","exitCode":128,"gitErrorCode":"IsInSubmodule"}
[2021-06-01 23:05:07.304] [exthost] [error] {"message":"Git error","stdout":"","stderr":"fatal: Pathspec '/home/liumignhao/learngit/readme.txt' is in submodule 'learngit'\n","exitCode":128,"gitErrorCode":"IsInSubmodule"}
[2021-06-01 23:05:07.304] [exthost] [error] {"message":"Git error","stdout":"","stderr":"fatal: Pathspec '/home/liumignhao/learngit/readme.txt' is in submodule 'learngit'\n","exitCode":128,"gitErrorCode":"IsInSubmodule"}
[2021-06-01 23:05:07.304] [exthost] [error] {"message":"Git error","stdout":"","stderr":"fatal: Pathspec '/home/liumignhao/learngit/readme.txt' is in submodule 'learngit'\n","exitCode":128,"gitErrorCode":"IsInSubmodule"}
[2021-06-01 23:05:07.304] [exthost] [error] {"message":"Git error","stdout":"","stderr":"fatal: Pathspec '/home/liumignhao/learngit/readme.txt' is in submodule 'learngit'\n","exitCode":128,"gitErrorCode":"IsInSubmodule"}
[2021-06-01 23:05:07.304] [exthost] [error] {"message":"Git error","stdout":"","stderr":"fatal: Pathspec '/home/liumignhao/learngit/readme.txt' is in submodule 'learngit'\n","exitCode":128,"gitErrorCode":"IsInSubmodule"}
[2021-06-01 23:05:07.305] [exthost] [error] {"message":"Git error","stdout":"","stderr":"fatal: Pathspec '/home/liumignhao/learngit/readme.txt' is in submodule 'learngit'\n","exitCode":128,"gitErrorCode":"IsInSubmodule"}
[2021-06-01 23:05:07.305] [exthost] [error] {"message":"Git error","stdout":"","stderr":"fatal: Pathspec '/home/liumignhao/learngit/readme.txt' is in submodule 'learngit'\n","exitCode":128,"gitErrorCode":"IsInSubmodule"}
[2021-06-01 23:05:07.305] [exthost] [error] {"message":"Git error","stdout":"","stderr":"fatal: Pathspec '/home/liumignhao/learngit/readme.txt' is in submodule 'learngit'\n","exitCode":128,"gitErrorCode":"IsInSubmodule"}
[2021-06-01 23:05:07.305] [exthost] [error] {"message":"Git error","stdout":"","stderr":"fatal: Pathspec '/home/liumignhao/learngit/readme.txt' is in submodule 'learngit'\n","exitCode":128,"gitErrorCode":"IsInSubmodule"}
[2021-06-01 23:05:07.305] [exthost] [error] {"message":"Git error","stdout":"","stderr":"fatal: Pathspec '/home/liumignhao/learngit/readme.txt' is in submodule 'learngit'\n","exitCode":128,"gitErrorCode":"IsInSubmodule"}
[2021-06-01 23:05:07.305] [exthost] [error] {"message":"Git error","stdout":"","stderr":"fatal: Pathspec '/home/liumignhao/learngit/readme.txt' is in submodule 'learngit'\n","exitCode":128,"gitErrorCode":"IsInSubmodule"}
[2021-06-01 23:05:07.305] [exthost] [error] {"message":"Git error","stdout":"","stderr":"fatal: Pathspec '/home/liumignhao/learngit/readme.txt' is in submodule 'learngit'\n","exitCode":128,"gitErrorCode":"IsInSubmodule"}
[2021-06-01 23:05:07.305] [exthost] [error] {"message":"Git error","stdout":"","stderr":"fatal: Pathspec '/home/liumignhao/learngit/readme.txt' is in submodule 'learngit'\n","exitCode":128,"gitErrorCode":"IsInSubmodule"}
[2021-06-01 23:05:07.305] [exthost] [error] {"message":"Git error","stdout":"","stderr":"fatal: Pathspec '/home/liumignhao/learngit/readme.txt' is in submodule 'learngit'\n","exitCode":128,"gitErrorCode":"IsInSubmodule"}
[2021-06-01 23:05:07.305] [exthost] [error] {"message":"Git error","stdout":"","stderr":"fatal: Pathspec '/home/liumignhao/learngit/readme.txt' is in submodule 'learngit'\n","exitCode":128,"gitErrorCode":"IsInSubmodule"}
[2021-06-01 23:05:07.305] [exthost] [error] {"message":"Git error","stdout":"","stderr":"fatal: Pathspec '/home/liumignhao/learngit/readme.txt' is in submodule 'learngit'\n","exitCode":128,"gitErrorCode":"IsInSubmodule"}
[2021-06-01 23:05:07.305] [exthost] [error] {"message":"Git error","stdout":"","stderr":"fatal: Pathspec '/home/liumignhao/learngit/readme.txt' is in submodule 'learngit'\n","exitCode":128,"gitErrorCode":"IsInSubmodule"}
[2021-06-01 23:05:07.305] [exthost] [error] {"message":"Git error","stdout":"","stderr":"fatal: Pathspec '/home/liumignhao/learngit/readme.txt' is in submodule 'learngit'\n","exitCode":128,"gitErrorCode":"IsInSubmodule"}
[2021-06-01 23:05:07.305] [exthost] [error] {"message":"Git error","stdout":"","stderr":"fatal: Pathspec '/home/liumignhao/learngit/readme.txt' is in submodule 'learngit'\n","exitCode":128,"gitErrorCode":"IsInSubmodule"}
[2021-06-01 23:05:07.305] [exthost] [error] {"message":"Git error","stdout":"","stderr":"fatal: Pathspec '/home/liumignhao/learngit/readme.txt' is in submodule 'learngit'\n","exitCode":128,"gitErrorCode":"IsInSubmodule"}
[2021-06-01 23:05:07.305] [exthost] [error] {"message":"Git error","stdout":"","stderr":"fatal: Pathspec '/home/liumignhao/learngit/readme.txt' is in submodule 'learngit'\n","exitCode":128,"gitErrorCode":"IsInSubmodule"}
