[2021-05-08 16:31:16.049] [exthost] [info] extension host started
[2021-05-08 16:31:16.080] [exthost] [info] ExtensionService#_doActivateExtension vscode.extension-editing {"startup":false,"extensionId":{"value":"vscode.extension-editing","_lower":"vscode.extension-editing"},"activationEvent":"onLanguage:markdown"}
[2021-05-08 16:31:16.081] [exthost] [info] ExtensionService#loadCommonJSModule file:///home/liumignhao/.vscode-server/bin/cfa2e218100323074ac1948c885448fdf4de2a7f/extensions/extension-editing/dist/extensionEditingMain
[2021-05-08 16:31:16.097] [exthost] [info] ExtensionService#_doActivateExtension vscode.markdown-language-features {"startup":false,"extensionId":{"value":"vscode.markdown-language-features","_lower":"vscode.markdown-language-features"},"activationEvent":"onLanguage:markdown"}
[2021-05-08 16:31:16.097] [exthost] [info] ExtensionService#loadCommonJSModule file:///home/liumignhao/.vscode-server/bin/cfa2e218100323074ac1948c885448fdf4de2a7f/extensions/markdown-language-features/dist/extension
[2021-05-08 16:31:16.130] [exthost] [info] ExtensionService#_doActivateExtension vscode.debug-auto-launch {"startup":true,"extensionId":{"value":"vscode.debug-auto-launch","_lower":"vscode.debug-auto-launch"},"activationEvent":"*"}
[2021-05-08 16:31:16.130] [exthost] [info] ExtensionService#loadCommonJSModule file:///home/liumignhao/.vscode-server/bin/cfa2e218100323074ac1948c885448fdf4de2a7f/extensions/debug-auto-launch/dist/extension
[2021-05-08 16:31:16.138] [exthost] [info] ExtensionService#_doActivateExtension vscode.git {"startup":true,"extensionId":{"value":"vscode.github","_lower":"vscode.github"},"activationEvent":"*"}
[2021-05-08 16:31:16.138] [exthost] [info] ExtensionService#loadCommonJSModule file:///home/liumignhao/.vscode-server/bin/cfa2e218100323074ac1948c885448fdf4de2a7f/extensions/git/dist/main
[2021-05-08 16:31:16.187] [exthost] [info] ExtensionService#_doActivateExtension ritwickdey.LiveServer {"startup":true,"extensionId":{"value":"ritwickdey.LiveServer","_lower":"ritwickdey.liveserver"},"activationEvent":"*"}
[2021-05-08 16:31:16.187] [exthost] [info] ExtensionService#loadCommonJSModule file:///home/liumignhao/.vscode-server/extensions/ritwickdey.liveserver-5.6.1/out/src/extension
[2021-05-08 16:31:17.645] [exthost] [info] ExtensionService#_doActivateExtension vscode.github {"startup":true,"extensionId":{"value":"vscode.github","_lower":"vscode.github"},"activationEvent":"*"}
[2021-05-08 16:31:17.645] [exthost] [info] ExtensionService#loadCommonJSModule file:///home/liumignhao/.vscode-server/bin/cfa2e218100323074ac1948c885448fdf4de2a7f/extensions/github/dist/extension.js
[2021-05-08 16:31:17.897] [exthost] [info] ExtensionService#_doActivateExtension vscode.emmet {"startup":false,"extensionId":{"value":"vscode.emmet","_lower":"vscode.emmet"},"activationEvent":"onStartupFinished"}
[2021-05-08 16:31:17.897] [exthost] [info] ExtensionService#loadCommonJSModule file:///home/liumignhao/.vscode-server/bin/cfa2e218100323074ac1948c885448fdf4de2a7f/extensions/emmet/dist/node/emmetNodeMain
[2021-05-08 16:31:17.929] [exthost] [info] ExtensionService#_doActivateExtension vscode.merge-conflict {"startup":false,"extensionId":{"value":"vscode.merge-conflict","_lower":"vscode.merge-conflict"},"activationEvent":"onStartupFinished"}
[2021-05-08 16:31:17.929] [exthost] [info] ExtensionService#loadCommonJSModule file:///home/liumignhao/.vscode-server/bin/cfa2e218100323074ac1948c885448fdf4de2a7f/extensions/merge-conflict/dist/mergeConflictMain
[2021-05-08 16:31:17.936] [exthost] [info] ExtensionService#_doActivateExtension vscode.testing-editor-contributions {"startup":false,"extensionId":{"value":"vscode.testing-editor-contributions","_lower":"vscode.testing-editor-contributions"},"activationEvent":"onStartupFinished"}
[2021-05-08 16:31:17.937] [exthost] [info] ExtensionService#loadCommonJSModule file:///home/liumignhao/.vscode-server/bin/cfa2e218100323074ac1948c885448fdf4de2a7f/extensions/testing-editor-contributions/dist/extension.js
[2021-05-08 16:31:17.940] [exthost] [info] eager extensions activated
[2021-05-08 16:31:18.061] [exthost] [info] ExtensionService#_doActivateExtension ms-vscode.js-debug {"startup":false,"extensionId":{"value":"ms-vscode.js-debug","_lower":"ms-vscode.js-debug"},"activationEvent":"onCommand:extension.js-debug.clearAutoAttachVariables"}
[2021-05-08 16:31:18.061] [exthost] [info] ExtensionService#loadCommonJSModule file:///home/liumignhao/.vscode-server/bin/cfa2e218100323074ac1948c885448fdf4de2a7f/extensions/ms-vscode.js-debug/src/extension.js
