[2021-05-07 10:36:04.656] [exthost] [info] extension host started
[2021-05-07 10:36:04.880] [exthost] [info] ExtensionService#_doActivateExtension vscode.extension-editing {"startup":false,"extensionId":{"value":"vscode.extension-editing","_lower":"vscode.extension-editing"},"activationEvent":"onLanguage:markdown"}
[2021-05-07 10:36:04.881] [exthost] [info] ExtensionService#loadCommonJSModule file:///home/liumignhao/.vscode-server/bin/cfa2e218100323074ac1948c885448fdf4de2a7f/extensions/extension-editing/dist/extensionEditingMain
[2021-05-07 10:36:04.972] [exthost] [info] ExtensionService#_doActivateExtension vscode.markdown-language-features {"startup":false,"extensionId":{"value":"vscode.markdown-language-features","_lower":"vscode.markdown-language-features"},"activationEvent":"onLanguage:markdown"}
[2021-05-07 10:36:04.972] [exthost] [info] ExtensionService#loadCommonJSModule file:///home/liumignhao/.vscode-server/bin/cfa2e218100323074ac1948c885448fdf4de2a7f/extensions/markdown-language-features/dist/extension
[2021-05-07 10:36:05.158] [exthost] [info] ExtensionService#_doActivateExtension vscode.debug-auto-launch {"startup":true,"extensionId":{"value":"vscode.debug-auto-launch","_lower":"vscode.debug-auto-launch"},"activationEvent":"*"}
[2021-05-07 10:36:05.159] [exthost] [info] ExtensionService#loadCommonJSModule file:///home/liumignhao/.vscode-server/bin/cfa2e218100323074ac1948c885448fdf4de2a7f/extensions/debug-auto-launch/dist/extension
[2021-05-07 10:36:05.185] [exthost] [info] ExtensionService#_doActivateExtension vscode.git {"startup":true,"extensionId":{"value":"vscode.github","_lower":"vscode.github"},"activationEvent":"*"}
[2021-05-07 10:36:05.186] [exthost] [info] ExtensionService#loadCommonJSModule file:///home/liumignhao/.vscode-server/bin/cfa2e218100323074ac1948c885448fdf4de2a7f/extensions/git/dist/main
[2021-05-07 10:36:05.392] [exthost] [info] ExtensionService#_doActivateExtension ritwickdey.LiveServer {"startup":true,"extensionId":{"value":"ritwickdey.LiveServer","_lower":"ritwickdey.liveserver"},"activationEvent":"*"}
[2021-05-07 10:36:05.392] [exthost] [info] ExtensionService#loadCommonJSModule file:///home/liumignhao/.vscode-server/extensions/ritwickdey.liveserver-5.6.1/out/src/extension
[2021-05-07 10:36:10.180] [exthost] [info] ExtensionService#_doActivateExtension vscode.github {"startup":true,"extensionId":{"value":"vscode.github","_lower":"vscode.github"},"activationEvent":"*"}
[2021-05-07 10:36:10.181] [exthost] [info] ExtensionService#loadCommonJSModule file:///home/liumignhao/.vscode-server/bin/cfa2e218100323074ac1948c885448fdf4de2a7f/extensions/github/dist/extension.js
[2021-05-07 10:36:12.094] [exthost] [info] ExtensionService#_doActivateExtension vscode.emmet {"startup":false,"extensionId":{"value":"vscode.emmet","_lower":"vscode.emmet"},"activationEvent":"onStartupFinished"}
[2021-05-07 10:36:12.095] [exthost] [info] ExtensionService#loadCommonJSModule file:///home/liumignhao/.vscode-server/bin/cfa2e218100323074ac1948c885448fdf4de2a7f/extensions/emmet/dist/node/emmetNodeMain
[2021-05-07 10:36:12.495] [exthost] [info] ExtensionService#_doActivateExtension vscode.merge-conflict {"startup":false,"extensionId":{"value":"vscode.merge-conflict","_lower":"vscode.merge-conflict"},"activationEvent":"onStartupFinished"}
[2021-05-07 10:36:12.496] [exthost] [info] ExtensionService#loadCommonJSModule file:///home/liumignhao/.vscode-server/bin/cfa2e218100323074ac1948c885448fdf4de2a7f/extensions/merge-conflict/dist/mergeConflictMain
[2021-05-07 10:36:12.560] [exthost] [info] ExtensionService#_doActivateExtension vscode.testing-editor-contributions {"startup":false,"extensionId":{"value":"vscode.testing-editor-contributions","_lower":"vscode.testing-editor-contributions"},"activationEvent":"onStartupFinished"}
[2021-05-07 10:36:12.563] [exthost] [info] ExtensionService#loadCommonJSModule file:///home/liumignhao/.vscode-server/bin/cfa2e218100323074ac1948c885448fdf4de2a7f/extensions/testing-editor-contributions/dist/extension.js
[2021-05-07 10:36:12.579] [exthost] [info] eager extensions activated
[2021-05-07 10:36:13.328] [exthost] [info] ExtensionService#_doActivateExtension ms-vscode.js-debug {"startup":false,"extensionId":{"value":"ms-vscode.js-debug","_lower":"ms-vscode.js-debug"},"activationEvent":"onCommand:extension.js-debug.clearAutoAttachVariables"}
[2021-05-07 10:36:13.329] [exthost] [info] ExtensionService#loadCommonJSModule file:///home/liumignhao/.vscode-server/bin/cfa2e218100323074ac1948c885448fdf4de2a7f/extensions/ms-vscode.js-debug/src/extension.js
[2021-05-07 10:36:52.206] [exthost] [info] extension host terminating: received terminate message from renderer
[2021-05-07 10:36:53.279] [exthost] [info] exiting with code 0
