[2021-04-23 10:38:38.813] [exthost] [info] extension host started
[2021-04-23 10:38:39.108] [exthost] [info] ExtensionService#_doActivateExtension vscode.extension-editing {"startup":false,"extensionId":{"value":"vscode.extension-editing","_lower":"vscode.extension-editing"},"activationEvent":"onLanguage:markdown"}
[2021-04-23 10:38:39.110] [exthost] [info] ExtensionService#loadCommonJSModule file:///home/liumignhao/.vscode-server/bin/3c4e3df9e89829dce27b7b5c24508306b151f30d/extensions/extension-editing/dist/extensionEditingMain
[2021-04-23 10:38:39.184] [exthost] [info] ExtensionService#_doActivateExtension vscode.markdown-language-features {"startup":false,"extensionId":{"value":"vscode.markdown-language-features","_lower":"vscode.markdown-language-features"},"activationEvent":"onLanguage:markdown"}
[2021-04-23 10:38:39.184] [exthost] [info] ExtensionService#loadCommonJSModule file:///home/liumignhao/.vscode-server/bin/3c4e3df9e89829dce27b7b5c24508306b151f30d/extensions/markdown-language-features/dist/extension
[2021-04-23 10:38:39.340] [exthost] [info] ExtensionService#_doActivateExtension vscode.debug-auto-launch {"startup":true,"extensionId":{"value":"vscode.debug-auto-launch","_lower":"vscode.debug-auto-launch"},"activationEvent":"*"}
[2021-04-23 10:38:39.340] [exthost] [info] ExtensionService#loadCommonJSModule file:///home/liumignhao/.vscode-server/bin/3c4e3df9e89829dce27b7b5c24508306b151f30d/extensions/debug-auto-launch/dist/extension
[2021-04-23 10:38:39.360] [exthost] [info] ExtensionService#_doActivateExtension vscode.git {"startup":true,"extensionId":{"value":"vscode.github","_lower":"vscode.github"},"activationEvent":"*"}
[2021-04-23 10:38:39.360] [exthost] [info] ExtensionService#loadCommonJSModule file:///home/liumignhao/.vscode-server/bin/3c4e3df9e89829dce27b7b5c24508306b151f30d/extensions/git/dist/main
[2021-04-23 10:38:39.946] [exthost] [info] ExtensionService#_doActivateExtension vscode.github {"startup":true,"extensionId":{"value":"vscode.github","_lower":"vscode.github"},"activationEvent":"*"}
[2021-04-23 10:38:39.947] [exthost] [info] ExtensionService#loadCommonJSModule file:///home/liumignhao/.vscode-server/bin/3c4e3df9e89829dce27b7b5c24508306b151f30d/extensions/github/dist/extension.js
[2021-04-23 10:38:40.756] [exthost] [info] ExtensionService#_doActivateExtension vscode.emmet {"startup":false,"extensionId":{"value":"vscode.emmet","_lower":"vscode.emmet"},"activationEvent":"onStartupFinished"}
[2021-04-23 10:38:40.757] [exthost] [info] ExtensionService#loadCommonJSModule file:///home/liumignhao/.vscode-server/bin/3c4e3df9e89829dce27b7b5c24508306b151f30d/extensions/emmet/dist/node/emmetNodeMain
[2021-04-23 10:38:40.839] [exthost] [info] ExtensionService#_doActivateExtension vscode.merge-conflict {"startup":false,"extensionId":{"value":"vscode.merge-conflict","_lower":"vscode.merge-conflict"},"activationEvent":"onStartupFinished"}
[2021-04-23 10:38:40.840] [exthost] [info] ExtensionService#loadCommonJSModule file:///home/liumignhao/.vscode-server/bin/3c4e3df9e89829dce27b7b5c24508306b151f30d/extensions/merge-conflict/dist/mergeConflictMain
[2021-04-23 10:38:40.860] [exthost] [info] ExtensionService#_doActivateExtension vscode.testing-editor-contributions {"startup":false,"extensionId":{"value":"vscode.testing-editor-contributions","_lower":"vscode.testing-editor-contributions"},"activationEvent":"onStartupFinished"}
[2021-04-23 10:38:40.860] [exthost] [info] ExtensionService#loadCommonJSModule file:///home/liumignhao/.vscode-server/bin/3c4e3df9e89829dce27b7b5c24508306b151f30d/extensions/testing-editor-contributions/dist/extension.js
[2021-04-23 10:38:40.865] [exthost] [info] eager extensions activated
[2021-04-23 10:38:41.010] [exthost] [info] ExtensionService#_doActivateExtension ms-vscode.js-debug {"startup":false,"extensionId":{"value":"ms-vscode.js-debug","_lower":"ms-vscode.js-debug"},"activationEvent":"onCommand:extension.js-debug.clearAutoAttachVariables"}
[2021-04-23 10:38:41.010] [exthost] [info] ExtensionService#loadCommonJSModule file:///home/liumignhao/.vscode-server/bin/3c4e3df9e89829dce27b7b5c24508306b151f30d/extensions/ms-vscode.js-debug/src/extension.js
[2021-04-23 15:10:52.927] [exthost] [info] extension host terminating: renderer disconnected for too long (1)
[2021-04-23 15:10:53.954] [exthost] [info] exiting with code 0
