[2021-04-23 10:36:29.595] [exthost] [info] extension host started
[2021-04-23 10:36:29.891] [exthost] [info] ExtensionService#_doActivateExtension vscode.emmet {"startup":false,"extensionId":{"value":"vscode.emmet","_lower":"vscode.emmet"},"activationEvent":"onLanguage:html"}
[2021-04-23 10:36:29.892] [exthost] [info] ExtensionService#loadCommonJSModule file:///home/liumignhao/.vscode-server/bin/3c4e3df9e89829dce27b7b5c24508306b151f30d/extensions/emmet/dist/node/emmetNodeMain
[2021-04-23 10:36:29.994] [exthost] [info] ExtensionService#_doActivateExtension vscode.html-language-features {"startup":false,"extensionId":{"value":"vscode.html-language-features","_lower":"vscode.html-language-features"},"activationEvent":"onLanguage:html"}
[2021-04-23 10:36:29.995] [exthost] [info] ExtensionService#loadCommonJSModule file:///home/liumignhao/.vscode-server/bin/3c4e3df9e89829dce27b7b5c24508306b151f30d/extensions/html-language-features/client/dist/node/htmlClientMain
[2021-04-23 10:36:30.264] [exthost] [info] ExtensionService#_doActivateExtension vscode.debug-auto-launch {"startup":true,"extensionId":{"value":"vscode.debug-auto-launch","_lower":"vscode.debug-auto-launch"},"activationEvent":"*"}
[2021-04-23 10:36:30.264] [exthost] [info] ExtensionService#loadCommonJSModule file:///home/liumignhao/.vscode-server/bin/3c4e3df9e89829dce27b7b5c24508306b151f30d/extensions/debug-auto-launch/dist/extension
[2021-04-23 10:36:30.295] [exthost] [info] ExtensionService#_doActivateExtension vscode.git {"startup":true,"extensionId":{"value":"vscode.github","_lower":"vscode.github"},"activationEvent":"*"}
[2021-04-23 10:36:30.296] [exthost] [info] ExtensionService#loadCommonJSModule file:///home/liumignhao/.vscode-server/bin/3c4e3df9e89829dce27b7b5c24508306b151f30d/extensions/git/dist/main
[2021-04-23 10:36:31.370] [exthost] [info] ExtensionService#_doActivateExtension vscode.github {"startup":true,"extensionId":{"value":"vscode.github","_lower":"vscode.github"},"activationEvent":"*"}
[2021-04-23 10:36:31.371] [exthost] [info] ExtensionService#loadCommonJSModule file:///home/liumignhao/.vscode-server/bin/3c4e3df9e89829dce27b7b5c24508306b151f30d/extensions/github/dist/extension.js
[2021-04-23 10:36:31.905] [exthost] [info] ExtensionService#_doActivateExtension vscode.merge-conflict {"startup":false,"extensionId":{"value":"vscode.merge-conflict","_lower":"vscode.merge-conflict"},"activationEvent":"onStartupFinished"}
[2021-04-23 10:36:31.907] [exthost] [info] ExtensionService#loadCommonJSModule file:///home/liumignhao/.vscode-server/bin/3c4e3df9e89829dce27b7b5c24508306b151f30d/extensions/merge-conflict/dist/mergeConflictMain
[2021-04-23 10:36:31.944] [exthost] [info] ExtensionService#_doActivateExtension vscode.testing-editor-contributions {"startup":false,"extensionId":{"value":"vscode.testing-editor-contributions","_lower":"vscode.testing-editor-contributions"},"activationEvent":"onStartupFinished"}
[2021-04-23 10:36:31.944] [exthost] [info] ExtensionService#loadCommonJSModule file:///home/liumignhao/.vscode-server/bin/3c4e3df9e89829dce27b7b5c24508306b151f30d/extensions/testing-editor-contributions/dist/extension.js
[2021-04-23 10:36:31.953] [exthost] [info] eager extensions activated
[2021-04-23 10:36:32.198] [exthost] [info] ExtensionService#_doActivateExtension ms-vscode.js-debug {"startup":false,"extensionId":{"value":"ms-vscode.js-debug","_lower":"ms-vscode.js-debug"},"activationEvent":"onCommand:extension.js-debug.clearAutoAttachVariables"}
[2021-04-23 10:36:32.199] [exthost] [info] ExtensionService#loadCommonJSModule file:///home/liumignhao/.vscode-server/bin/3c4e3df9e89829dce27b7b5c24508306b151f30d/extensions/ms-vscode.js-debug/src/extension.js
[2021-04-23 10:38:22.395] [exthost] [info] ExtensionService#_doActivateExtension vscode.extension-editing {"startup":false,"extensionId":{"value":"vscode.extension-editing","_lower":"vscode.extension-editing"},"activationEvent":"onLanguage:markdown"}
[2021-04-23 10:38:22.396] [exthost] [info] ExtensionService#loadCommonJSModule file:///home/liumignhao/.vscode-server/bin/3c4e3df9e89829dce27b7b5c24508306b151f30d/extensions/extension-editing/dist/extensionEditingMain
[2021-04-23 10:38:22.450] [exthost] [info] ExtensionService#_doActivateExtension vscode.markdown-language-features {"startup":false,"extensionId":{"value":"vscode.markdown-language-features","_lower":"vscode.markdown-language-features"},"activationEvent":"onLanguage:markdown"}
[2021-04-23 10:38:22.450] [exthost] [info] ExtensionService#loadCommonJSModule file:///home/liumignhao/.vscode-server/bin/3c4e3df9e89829dce27b7b5c24508306b151f30d/extensions/markdown-language-features/dist/extension
[2021-04-23 10:38:32.165] [exthost] [info] extension host terminating: received terminate message from renderer
[2021-04-23 10:38:33.202] [exthost] [info] exiting with code 0
