[2021-05-07 10:37:46.971] [exthost] [info] extension host started
[2021-05-07 10:37:47.050] [exthost] [info] ExtensionService#_doActivateExtension vscode.emmet {"startup":false,"extensionId":{"value":"vscode.emmet","_lower":"vscode.emmet"},"activationEvent":"onLanguage:html"}
[2021-05-07 10:37:47.051] [exthost] [info] ExtensionService#loadCommonJSModule file:///home/liumignhao/.vscode-server/bin/cfa2e218100323074ac1948c885448fdf4de2a7f/extensions/emmet/dist/node/emmetNodeMain
[2021-05-07 10:37:47.104] [exthost] [info] ExtensionService#_doActivateExtension vscode.html-language-features {"startup":false,"extensionId":{"value":"vscode.html-language-features","_lower":"vscode.html-language-features"},"activationEvent":"onLanguage:html"}
[2021-05-07 10:37:47.105] [exthost] [info] ExtensionService#loadCommonJSModule file:///home/liumignhao/.vscode-server/bin/cfa2e218100323074ac1948c885448fdf4de2a7f/extensions/html-language-features/client/dist/node/htmlClientMain
[2021-05-07 10:37:47.224] [exthost] [info] ExtensionService#_doActivateExtension vscode.debug-auto-launch {"startup":true,"extensionId":{"value":"vscode.debug-auto-launch","_lower":"vscode.debug-auto-launch"},"activationEvent":"*"}
[2021-05-07 10:37:47.224] [exthost] [info] ExtensionService#loadCommonJSModule file:///home/liumignhao/.vscode-server/bin/cfa2e218100323074ac1948c885448fdf4de2a7f/extensions/debug-auto-launch/dist/extension
[2021-05-07 10:37:47.255] [exthost] [info] ExtensionService#_doActivateExtension vscode.git {"startup":true,"extensionId":{"value":"vscode.github","_lower":"vscode.github"},"activationEvent":"*"}
[2021-05-07 10:37:47.255] [exthost] [info] ExtensionService#loadCommonJSModule file:///home/liumignhao/.vscode-server/bin/cfa2e218100323074ac1948c885448fdf4de2a7f/extensions/git/dist/main
[2021-05-07 10:37:47.393] [exthost] [info] ExtensionService#_doActivateExtension ritwickdey.LiveServer {"startup":true,"extensionId":{"value":"ritwickdey.LiveServer","_lower":"ritwickdey.liveserver"},"activationEvent":"*"}
[2021-05-07 10:37:47.394] [exthost] [info] ExtensionService#loadCommonJSModule file:///home/liumignhao/.vscode-server/extensions/ritwickdey.liveserver-5.6.1/out/src/extension
[2021-05-07 10:37:50.116] [exthost] [info] ExtensionService#_doActivateExtension vscode.github {"startup":true,"extensionId":{"value":"vscode.github","_lower":"vscode.github"},"activationEvent":"*"}
[2021-05-07 10:37:50.118] [exthost] [info] ExtensionService#loadCommonJSModule file:///home/liumignhao/.vscode-server/bin/cfa2e218100323074ac1948c885448fdf4de2a7f/extensions/github/dist/extension.js
[2021-05-07 10:37:50.623] [exthost] [info] ExtensionService#_doActivateExtension vscode.merge-conflict {"startup":false,"extensionId":{"value":"vscode.merge-conflict","_lower":"vscode.merge-conflict"},"activationEvent":"onStartupFinished"}
[2021-05-07 10:37:50.624] [exthost] [info] ExtensionService#loadCommonJSModule file:///home/liumignhao/.vscode-server/bin/cfa2e218100323074ac1948c885448fdf4de2a7f/extensions/merge-conflict/dist/mergeConflictMain
[2021-05-07 10:37:50.662] [exthost] [info] ExtensionService#_doActivateExtension vscode.testing-editor-contributions {"startup":false,"extensionId":{"value":"vscode.testing-editor-contributions","_lower":"vscode.testing-editor-contributions"},"activationEvent":"onStartupFinished"}
[2021-05-07 10:37:50.663] [exthost] [info] ExtensionService#loadCommonJSModule file:///home/liumignhao/.vscode-server/bin/cfa2e218100323074ac1948c885448fdf4de2a7f/extensions/testing-editor-contributions/dist/extension.js
[2021-05-07 10:37:50.673] [exthost] [info] eager extensions activated
[2021-05-07 10:37:50.688] [exthost] [info] ExtensionService#_doActivateExtension ms-vscode.js-debug {"startup":false,"extensionId":{"value":"ms-vscode.js-debug","_lower":"ms-vscode.js-debug"},"activationEvent":"onCommand:extension.js-debug.clearAutoAttachVariables"}
[2021-05-07 10:37:50.688] [exthost] [info] ExtensionService#loadCommonJSModule file:///home/liumignhao/.vscode-server/bin/cfa2e218100323074ac1948c885448fdf4de2a7f/extensions/ms-vscode.js-debug/src/extension.js
[2021-05-07 13:43:22.434] [exthost] [info] extension host terminating: received terminate message from renderer
[2021-05-07 13:43:23.449] [exthost] [info] exiting with code 0
