[2021-04-21 16:02:45.349] [exthost] [info] extension host started
[2021-04-21 16:02:45.466] [exthost] [info] ExtensionService#_doActivateExtension vscode.emmet {"startup":false,"extensionId":{"value":"vscode.emmet","_lower":"vscode.emmet"},"activationEvent":"onLanguage:html"}
[2021-04-21 16:02:45.467] [exthost] [info] ExtensionService#loadCommonJSModule file:///home/liumignhao/.vscode-server/bin/08a217c4d27a02a5bcde898fd7981bda5b49391b/extensions/emmet/dist/node/emmetNodeMain
[2021-04-21 16:02:45.516] [exthost] [info] ExtensionService#_doActivateExtension vscode.html-language-features {"startup":false,"extensionId":{"value":"vscode.html-language-features","_lower":"vscode.html-language-features"},"activationEvent":"onLanguage:html"}
[2021-04-21 16:02:45.516] [exthost] [info] ExtensionService#loadCommonJSModule file:///home/liumignhao/.vscode-server/bin/08a217c4d27a02a5bcde898fd7981bda5b49391b/extensions/html-language-features/client/dist/node/htmlClientMain
[2021-04-21 16:02:45.637] [exthost] [info] ExtensionService#_doActivateExtension vscode.debug-auto-launch {"startup":true,"extensionId":{"value":"vscode.debug-auto-launch","_lower":"vscode.debug-auto-launch"},"activationEvent":"*"}
[2021-04-21 16:02:45.637] [exthost] [info] ExtensionService#loadCommonJSModule file:///home/liumignhao/.vscode-server/bin/08a217c4d27a02a5bcde898fd7981bda5b49391b/extensions/debug-auto-launch/dist/extension
[2021-04-21 16:02:45.652] [exthost] [info] ExtensionService#_doActivateExtension vscode.git {"startup":true,"extensionId":{"value":"vscode.github","_lower":"vscode.github"},"activationEvent":"*"}
[2021-04-21 16:02:45.652] [exthost] [info] ExtensionService#loadCommonJSModule file:///home/liumignhao/.vscode-server/bin/08a217c4d27a02a5bcde898fd7981bda5b49391b/extensions/git/dist/main
[2021-04-21 16:02:46.141] [exthost] [info] ExtensionService#_doActivateExtension vscode.github {"startup":true,"extensionId":{"value":"vscode.github","_lower":"vscode.github"},"activationEvent":"*"}
[2021-04-21 16:02:46.141] [exthost] [info] ExtensionService#loadCommonJSModule file:///home/liumignhao/.vscode-server/bin/08a217c4d27a02a5bcde898fd7981bda5b49391b/extensions/github/dist/extension.js
[2021-04-21 16:02:46.269] [exthost] [info] ExtensionService#_doActivateExtension vscode.merge-conflict {"startup":false,"extensionId":{"value":"vscode.merge-conflict","_lower":"vscode.merge-conflict"},"activationEvent":"onStartupFinished"}
[2021-04-21 16:02:46.269] [exthost] [info] ExtensionService#loadCommonJSModule file:///home/liumignhao/.vscode-server/bin/08a217c4d27a02a5bcde898fd7981bda5b49391b/extensions/merge-conflict/dist/mergeConflictMain
[2021-04-21 16:02:46.277] [exthost] [info] ExtensionService#_doActivateExtension vscode.testing-editor-contributions {"startup":false,"extensionId":{"value":"vscode.testing-editor-contributions","_lower":"vscode.testing-editor-contributions"},"activationEvent":"onStartupFinished"}
[2021-04-21 16:02:46.277] [exthost] [info] ExtensionService#loadCommonJSModule file:///home/liumignhao/.vscode-server/bin/08a217c4d27a02a5bcde898fd7981bda5b49391b/extensions/testing-editor-contributions/dist/extension.js
[2021-04-21 16:02:46.280] [exthost] [info] eager extensions activated
[2021-04-21 16:02:46.306] [exthost] [info] ExtensionService#_doActivateExtension ms-vscode.js-debug {"startup":false,"extensionId":{"value":"ms-vscode.js-debug","_lower":"ms-vscode.js-debug"},"activationEvent":"onCommand:extension.js-debug.clearAutoAttachVariables"}
[2021-04-21 16:02:46.307] [exthost] [info] ExtensionService#loadCommonJSModule file:///home/liumignhao/.vscode-server/bin/08a217c4d27a02a5bcde898fd7981bda5b49391b/extensions/ms-vscode.js-debug/src/extension.js
[2021-04-21 16:13:39.696] [exthost] [info] ExtensionService#_doActivateExtension vscode.css-language-features {"startup":false,"extensionId":{"value":"vscode.css-language-features","_lower":"vscode.css-language-features"},"activationEvent":"onLanguage:scss"}
[2021-04-21 16:13:39.702] [exthost] [info] ExtensionService#loadCommonJSModule file:///home/liumignhao/.vscode-server/bin/08a217c4d27a02a5bcde898fd7981bda5b49391b/extensions/css-language-features/client/dist/node/cssClientMain
[2021-04-21 16:14:36.324] [exthost] [info] ExtensionService#_doActivateExtension vscode.extension-editing {"startup":false,"extensionId":{"value":"vscode.extension-editing","_lower":"vscode.extension-editing"},"activationEvent":"onLanguage:markdown"}
[2021-04-21 16:14:36.324] [exthost] [info] ExtensionService#loadCommonJSModule file:///home/liumignhao/.vscode-server/bin/08a217c4d27a02a5bcde898fd7981bda5b49391b/extensions/extension-editing/dist/extensionEditingMain
[2021-04-21 16:14:36.355] [exthost] [info] ExtensionService#_doActivateExtension vscode.markdown-language-features {"startup":false,"extensionId":{"value":"vscode.markdown-language-features","_lower":"vscode.markdown-language-features"},"activationEvent":"onLanguage:markdown"}
[2021-04-21 16:14:36.355] [exthost] [info] ExtensionService#loadCommonJSModule file:///home/liumignhao/.vscode-server/bin/08a217c4d27a02a5bcde898fd7981bda5b49391b/extensions/markdown-language-features/dist/extension
[2021-04-21 20:51:30.232] [exthost] [info] extension host terminating: received terminate message from renderer
[2021-04-21 20:51:31.247] [exthost] [info] exiting with code 0
